<?xml version="1.0" encoding="UTF-8"?>
<!-- Generated by org.testng.reporters.JUnitReportReporter -->
<testsuite hostname="DESKTOP-S1MQ5B3" failures="0" tests="5" name="com.qa.TestScripts.TC_001_BasicControl" time="46.594" errors="0" timestamp="2023-11-30T06:51:10 IST" skipped="0">
  <testcase classname="com.qa.TestScripts.TC_001_BasicControl" name="validateForm" time="9.816"/>
  <system-out/>
  <testcase classname="com.qa.TestScripts.TC_001_BasicControl" name="validateForm" time="9.398"/>
  <system-out/>
  <testcase classname="com.qa.TestScripts.TC_001_BasicControl" name="validateForm" time="8.446"/>
  <system-out/>
  <testcase classname="com.qa.TestScripts.TC_001_BasicControl" name="validateForm" time="9.154"/>
  <system-out/>
  <testcase classname="com.qa.TestScripts.TC_001_BasicControl" name="validateForm" time="9.780"/>
  <system-out/>
</testsuite> <!-- com.qa.TestScripts.TC_001_BasicControl -->
