<?xml version="1.0" encoding="UTF-8"?>
<!-- Generated by org.testng.reporters.JUnitReportReporter -->
<testsuite hostname="DESKTOP-S1MQ5B3" failures="0" tests="1" name="com.qa.TestScripts.TC_002_Dropdowns" time="9.771" errors="0" timestamp="2023-11-30T06:51:10 IST" skipped="0">
  <testcase classname="com.qa.TestScripts.TC_002_Dropdowns" name="validatedropdown" time="9.771"/>
  <system-out/>
</testsuite> <!-- com.qa.TestScripts.TC_002_Dropdowns -->
