<?xml version="1.0" encoding="UTF-8"?>
<!-- Generated by org.testng.reporters.JUnitReportReporter -->
<testsuite hostname="DESKTOP-S1MQ5B3" failures="0" tests="1" name="com.qa.TestScripts.TC_002_Dropdowns" time="17.863" errors="0" timestamp="30 Nov 2023 01:23:05 GMT" skipped="0">
  <testcase classname="com.qa.TestScripts.TC_002_Dropdowns" name="validatedropdown" time="17.863"/>
</testsuite> <!-- com.qa.TestScripts.TC_002_Dropdowns -->
