<?xml version="1.0" encoding="UTF-8"?>
<!-- Generated by org.testng.reporters.JUnitReportReporter -->
<testsuite hostname="DESKTOP-S1MQ5B3" failures="0" tests="5" name="com.qa.TestScripts.TC_001_BasicControl" time="44.284" errors="0" timestamp="30 Nov 2023 01:23:05 GMT" skipped="0">
  <testcase classname="com.qa.TestScripts.TC_001_BasicControl" name="validateForm" time="8.189"/>
  <testcase classname="com.qa.TestScripts.TC_001_BasicControl" name="validateForm" time="8.879"/>
  <testcase classname="com.qa.TestScripts.TC_001_BasicControl" name="validateForm" time="10.428"/>
  <testcase classname="com.qa.TestScripts.TC_001_BasicControl" name="validateForm" time="8.357"/>
  <testcase classname="com.qa.TestScripts.TC_001_BasicControl" name="validateForm" time="8.431"/>
</testsuite> <!-- com.qa.TestScripts.TC_001_BasicControl -->
